
2024-12-09 10:56:33 info: Rota não encontrada. Método: GET, URL: /api/usuariosa
2024-12-09 11:05:21 error: Erro sync db: Can't create table `nodejs`.`orgaotipos` (errno: 150 "Foreign key constraint is incorrectly formed")
2024-12-09 11:05:36 error: Erro sync db: Can't create table `nodejs`.`orgaotipos` (errno: 150 "Foreign key constraint is incorrectly formed")
2024-12-09 11:05:54 error: Erro sync db: Unknown data type: 'UUIDV1'
2024-12-09 11:06:06 error: Erro sync db: Unknown data type: 'UUIDV4'
2024-12-09 11:06:13 error: Erro sync db: Can't create table `nodejs`.`orgaotipos` (errno: 150 "Foreign key constraint is incorrectly formed")
2024-12-09 11:07:03 error: Erro sync db: Can't create table `nodejs`.`orgaotipos` (errno: 150 "Foreign key constraint is incorrectly formed")
2024-12-09 11:09:59 info: Rota não encontrada. Método: GET, URL: /api/orgaos-tipos
2024-12-09 11:16:49 error: Erro sync db: Unknown data type: 'UUIDV4'
2024-12-09 11:26:21 error: Erro sync db: Can't create table `nodejs`.`pessoatipos` (errno: 150 "Foreign key constraint is incorrectly formed")
2024-12-09 11:26:51 error: Erro sync db: Unknown data type: 'UUIDV4'
2024-12-09 11:26:53 error: Erro sync db: Unknown data type: 'UUIDV4'
2024-12-09 11:27:02 error: Erro sync db: Unknown data type: 'UUIDV4'
2024-12-09 11:31:53 info: Rota não encontrada. Método: POST, URL: /api/tipos-pessoas/7d08b326-8698-492d-acf8-36ab9f3ba1bc?usuario_id=1
2024-12-09 11:31:59 info: Rota não encontrada. Método: POST, URL: /api/tipos-pessoas/7d08b326-8698-492d-acf8-36ab9f3ba1bc/?usuario_id=1
2024-12-09 11:48:56 info: Rota não encontrada. Método: DELETE, URL: /api/tipos-pessoas/?usuario_cliente=1
2024-12-09 11:49:02 info: Rota não encontrada. Método: DELETE, URL: /api/tipos-orgaos/?usuario_cliente=1
2024-12-09 11:49:10 info: Rota não encontrada. Método: DELETE, URL: /api/orgaos-tipos/?usuario_cliente=1
2024-12-09 11:50:28 info: Rota não encontrada. Método: POST, URL: /api/tipos-orgaos?usuario_id=11
2024-12-09 11:59:13 info: Rota não encontrada. Método: DELETE, URL: /api/tipos-orgaos/05850659-51ee-45eb-96cf-6a83710a2f81?cliente_id=1
2024-12-09 11:59:33 info: Rota não encontrada. Método: DELETE, URL: /api/tipos-orgaos/05850659-51ee-45eb-96cf-6a83710a2f81/?cliente_id=1
2024-12-09 11:59:36 info: Rota não encontrada. Método: DELETE, URL: /api/tipos-orgaos/05850659-51ee-45eb-96cf-6a83710a2f81/?cliente_id=1
2024-12-09 11:59:41 info: Rota não encontrada. Método: DELETE, URL: /api/tipos-orgaos/05850659-51ee-45eb-96cf-6a83710a2f81/?cliente_id=1
